<?xml version="1.0" encoding="UTF-8"?>
<testsuite name="UrinalTest" tests="1" skipped="0" failures="0" errors="0" timestamp="2022-10-28T04:57:07" hostname="KUNAL" time="0.032">
  <properties/>
  <testcase name="checkIsFileEmpty()" classname="UrinalTest" time="0.032"/>
  <system-out><![CDATA[====== KUNAL JITENDRA PATEL == TEST SIX EXECUTED =======
]]></system-out>
  <system-err><![CDATA[]]></system-err>
</testsuite>
