<?xml version="1.0" encoding="UTF-8"?>
<testsuite name="UrinalTest" tests="2" skipped="0" failures="0" errors="0" timestamp="2022-10-27T20:51:13" hostname="KUNAL" time="0.033">
  <properties/>
  <testcase name="checkGoodStringTest()" classname="UrinalTest" time="0.029"/>
  <testcase name="checkIsEmpty()" classname="UrinalTest" time="0.003"/>
  <system-out><![CDATA[====== KUNAL JITENDRA PATEL == TEST ONE EXECUTED =======
====== KUNAL JITENDRA PATEL == TEST TWO EXECUTED =======
]]></system-out>
  <system-err><![CDATA[]]></system-err>
</testsuite>
