<?xml version="1.0" encoding="UTF-8"?>
<testsuite name="UrinalTest" tests="2" skipped="0" failures="0" errors="0" timestamp="2022-10-28T00:45:14" hostname="KUNAL" time="0.042">
  <properties/>
  <testcase name="checkGoodStringTest()" classname="UrinalTest" time="0.031"/>
  <testcase name="checkIsEmpty()" classname="UrinalTest" time="0.009"/>
  <system-out><![CDATA[====== KUNAL JITENDRA PATEL == TEST ONE EXECUTED =======
====== KUNAL JITENDRA PATEL == TEST TWO EXECUTED =======
]]></system-out>
  <system-err><![CDATA[]]></system-err>
</testsuite>
