<?xml version="1.0" encoding="UTF-8"?>
<testsuite name="urinalTest" tests="1" skipped="0" failures="0" errors="0" timestamp="2022-10-27T20:13:35" hostname="KUNAL" time="0.025">
  <properties/>
  <testcase name="checkGoodStringTest()" classname="urinalTest" time="0.025"/>
  <system-out><![CDATA[]]></system-out>
  <system-err><![CDATA[]]></system-err>
</testsuite>
