<?xml version="1.0" encoding="UTF-8"?>
<testsuite name="UrinalTest" tests="8" skipped="0" failures="0" errors="0" timestamp="2022-10-28T05:38:04" hostname="KUNAL" time="0.059">
  <properties/>
  <testcase name="checkFileNotEmptyTest()" classname="UrinalTest" time="0.034"/>
  <testcase name="checkNewFileCreatedTest()" classname="UrinalTest" time="0.003"/>
  <testcase name="checkFileEmptyTest()" classname="UrinalTest" time="0.001"/>
  <testcase name="checkGoodStringTest()" classname="UrinalTest" time="0.002"/>
  <testcase name="checkCountOfAvailableUrinalsTest()" classname="UrinalTest" time="0.001"/>
  <testcase name="checkFileNotFountTest()" classname="UrinalTest" time="0.003"/>
  <testcase name="checkFileFoundTest()" classname="UrinalTest" time="0.009"/>
  <testcase name="checkIsEmpty()" classname="UrinalTest" time="0.001"/>
  <system-out><![CDATA[====== KUNAL JITENDRA PATEL == TEST SEVEN EXECUTED =======
====== KUNAL JITENDRA PATEL == TEST EIGHT EXECUTED =======
====== KUNAL JITENDRA PATEL == TEST SIX EXECUTED =======
====== KUNAL JITENDRA PATEL == TEST ONE EXECUTED =======
====== KUNAL JITENDRA PATEL == TEST THREE EXECUTED =======
====== KUNAL JITENDRA PATEL == TEST FOUR EXECUTED =======
====== KUNAL JITENDRA PATEL == TEST FIVE EXECUTED =======
====== KUNAL JITENDRA PATEL == TEST TWO EXECUTED =======
]]></system-out>
  <system-err><![CDATA[]]></system-err>
</testsuite>
