<?xml version="1.0" encoding="UTF-8"?>
<testsuite name="UrinalTest" tests="1" skipped="0" failures="0" errors="0" timestamp="2022-10-28T04:02:49" hostname="KUNAL" time="0.028">
  <properties/>
  <testcase name="checkFileNotFountTest()" classname="UrinalTest" time="0.028"/>
  <system-out><![CDATA[====== KUNAL JITENDRA PATEL == TEST FOUR EXECUTED =======
]]></system-out>
  <system-err><![CDATA[]]></system-err>
</testsuite>
